<?xml version="1.0" encoding="UTF-8"?>
<!-- Generated by org.testng.reporters.JUnitReportReporter -->
<testsuite hostname="DESKTOP-VHCTKRR" failures="0" tests="1" name="baselibrary.Baselibrary" time="6.083" errors="0" timestamp="2024-12-28T14:55:27 IST" skipped="0">
  <testcase classname="baselibrary.Baselibrary" name="launchurl" time="6.083"/>
  <system-out/>
</testsuite> <!-- baselibrary.Baselibrary -->
